info: This is port 5000 {"timestamp":"16-04-2021 00:09:32"}
info: This is port 5000 {"timestamp":"16-04-2021 00:18:14"}
info: This is port 5000 {"timestamp":"16-04-2021 00:44:09"}
info: This is port 5000 {"timestamp":"16-04-2021 01:04:39"}
info: This is port 5000 {"timestamp":"16-04-2021 01:06:33"}
info: This is port 5000 {"timestamp":"16-04-2021 01:33:24"}
info: This is port 5000 {"timestamp":"16-04-2021 01:35:06"}
info: This is port 5000 {"timestamp":"16-04-2021 01:35:20"}
info: This is port 5000 {"timestamp":"16-04-2021 01:35:31"}
info: This is port 5000 {"timestamp":"16-04-2021 01:36:10"}
info: This is port 5000 {"timestamp":"16-04-2021 01:38:22"}
info: This is port 5000 {"timestamp":"16-04-2021 01:39:44"}
info: This is port 5000 {"timestamp":"16-04-2021 01:52:34"}
info: This is port 5000 {"timestamp":"16-04-2021 01:53:40"}
info: This is port 5000 {"timestamp":"16-04-2021 01:53:49"}
info: This is port 5000 {"timestamp":"16-04-2021 01:54:28"}
info: This is port 5000 {"timestamp":"16-04-2021 01:55:13"}
info: This is port 5000 {"timestamp":"16-04-2021 01:57:13"}
info: This is port 5000 {"timestamp":"16-04-2021 02:00:26"}
info: This is port 5000 {"timestamp":"16-04-2021 02:03:15"}
info: {"success":true,"message":"Token Generated","token":"eyJhbGciOiJIUzI1NiIsInR5cCI6IkpXVCJ9.eyJfaWQiOiI2MDc4OGJiZmQxMzVmMTI3YjgwOTczMzAiLCJmaXJzdE5hbWUiOiJTYXVyYWJoIiwibGFzdE5hbWUiOiJUcmlwYXRoaSIsImVtYWlsIjoidHJpcGF0aGlzaGl2YW0uMzExQGdtYWlsLmNvbSIsImlhdCI6MTYxODUxODc5OSwiZXhwIjoxNjE4NTI1OTk5fQ.wOwzBUqcBKAZzrTyy8tVHBHJOt_Ex32_U_z0b3aOVoA"} {"timestamp":"16-04-2021 02:03:19"}
info: {"flag":true,"message":"Login sucessfull !","data":{"_id":"60788bbfd135f127b8097330","firstName":"Saurabh","lastName":"Tripathi","email":"tripathishivam.311@gmail.com","token":"eyJhbGciOiJIUzI1NiIsInR5cCI6IkpXVCJ9.eyJfaWQiOiI2MDc4OGJiZmQxMzVmMTI3YjgwOTczMzAiLCJmaXJzdE5hbWUiOiJTYXVyYWJoIiwibGFzdE5hbWUiOiJUcmlwYXRoaSIsImVtYWlsIjoidHJpcGF0aGlzaGl2YW0uMzExQGdtYWlsLmNvbSIsImlhdCI6MTYxODUxODc5OSwiZXhwIjoxNjE4NTI1OTk5fQ.wOwzBUqcBKAZzrTyy8tVHBHJOt_Ex32_U_z0b3aOVoA"},"code":200} {"timestamp":"16-04-2021 02:03:19"}
info: This is port 5000 {"timestamp":"16-04-2021 02:04:15"}
info: This is port 5000 {"timestamp":"16-04-2021 02:07:08"}
info: This is port 5000 {"timestamp":"16-04-2021 11:43:51"}
info: This is port 5000 {"timestamp":"16-04-2021 11:44:21"}
info: This is port 5000 {"timestamp":"16-04-2021 11:45:46"}
info: This is port 5000 {"timestamp":"16-04-2021 11:46:23"}
info: This is port 5000 {"timestamp":"16-04-2021 11:51:22"}
info: {"success":true,"message":"Token Generated","token":"eyJhbGciOiJIUzI1NiIsInR5cCI6IkpXVCJ9.eyJfaWQiOiI2MDc4OGJiZmQxMzVmMTI3YjgwOTczMzAiLCJmaXJzdE5hbWUiOiJTYXVyYWJoIiwibGFzdE5hbWUiOiJUcmlwYXRoaSIsImVtYWlsIjoidHJpcGF0aGlzaGl2YW0uMzExQGdtYWlsLmNvbSIsImlhdCI6MTYxODU1NDA4NiwiZXhwIjoxNjE4NTYxMjg2fQ.Uf4r25iWLkSfOmaVM0QSop0mQwnjedFnBgZr5JhRjpU"} {"timestamp":"16-04-2021 11:51:26"}
info: {"flag":true,"message":"Login sucessfull !","data":{"_id":"60788bbfd135f127b8097330","firstName":"Saurabh","lastName":"Tripathi","email":"tripathishivam.311@gmail.com","token":"eyJhbGciOiJIUzI1NiIsInR5cCI6IkpXVCJ9.eyJfaWQiOiI2MDc4OGJiZmQxMzVmMTI3YjgwOTczMzAiLCJmaXJzdE5hbWUiOiJTYXVyYWJoIiwibGFzdE5hbWUiOiJUcmlwYXRoaSIsImVtYWlsIjoidHJpcGF0aGlzaGl2YW0uMzExQGdtYWlsLmNvbSIsImlhdCI6MTYxODU1NDA4NiwiZXhwIjoxNjE4NTYxMjg2fQ.Uf4r25iWLkSfOmaVM0QSop0mQwnjedFnBgZr5JhRjpU"},"code":200} {"timestamp":"16-04-2021 11:51:26"}
info: This is port 5000 {"timestamp":"16-04-2021 11:52:04"}
info: This is port 5000 {"timestamp":"16-04-2021 16:12:20"}
info: This is port 5000 {"timestamp":"16-04-2021 16:14:56"}
info: This is port 5000 {"timestamp":"16-04-2021 16:15:37"}
info: This is port 5000 {"timestamp":"16-04-2021 16:24:34"}
info: This is port 5000 {"timestamp":"16-04-2021 23:20:03"}
info: This is port 5000 {"timestamp":"16-04-2021 23:22:59"}
info: This is port 5000 {"timestamp":"16-04-2021 23:42:09"}
info: This is port 5000 {"timestamp":"16-04-2021 23:42:45"}
info: This is port 5000 {"timestamp":"16-04-2021 23:45:49"}
info: This is port 5000 {"timestamp":"16-04-2021 23:46:27"}
info: {"success":true,"message":"Token Generated","token":"eyJhbGciOiJIUzI1NiIsInR5cCI6IkpXVCJ9.eyJfaWQiOiI2MDc4OGJiZmQxMzVmMTI3YjgwOTczMzAiLCJmaXJzdE5hbWUiOiJTYXVyYWJoIiwibGFzdE5hbWUiOiJUcmlwYXRoaSIsImVtYWlsIjoidHJpcGF0aGlzaGl2YW0uMzExQGdtYWlsLmNvbSIsInJvbGUiOiJVc2VyIiwiaWF0IjoxNjE4NTk3MDkyLCJleHAiOjE2MTg2MDQyOTJ9.PJdBvv9TaxBckFWvc7Rye1d-SoZ6o4oKUp0XuNiwAvg"} {"timestamp":"16-04-2021 23:48:12"}
info: {"flag":true,"message":"Login sucessfull !","data":{"_id":"60788bbfd135f127b8097330","role":"User","firstName":"Saurabh","lastName":"Tripathi","email":"tripathishivam.311@gmail.com","token":"eyJhbGciOiJIUzI1NiIsInR5cCI6IkpXVCJ9.eyJfaWQiOiI2MDc4OGJiZmQxMzVmMTI3YjgwOTczMzAiLCJmaXJzdE5hbWUiOiJTYXVyYWJoIiwibGFzdE5hbWUiOiJUcmlwYXRoaSIsImVtYWlsIjoidHJpcGF0aGlzaGl2YW0uMzExQGdtYWlsLmNvbSIsInJvbGUiOiJVc2VyIiwiaWF0IjoxNjE4NTk3MDkyLCJleHAiOjE2MTg2MDQyOTJ9.PJdBvv9TaxBckFWvc7Rye1d-SoZ6o4oKUp0XuNiwAvg"},"code":200} {"timestamp":"16-04-2021 23:48:12"}
info: {"success":true,"message":"Token Generated","token":"eyJhbGciOiJIUzI1NiIsInR5cCI6IkpXVCJ9.eyJfaWQiOiI2MDc4OGJiZmQxMzVmMTI3YjgwOTczMzAiLCJmaXJzdE5hbWUiOiJTYXVyYWJoIiwibGFzdE5hbWUiOiJUcmlwYXRoaSIsImVtYWlsIjoidHJpcGF0aGlzaGl2YW0uMzExQGdtYWlsLmNvbSIsInJvbGUiOiJVc2VyIiwiaWF0IjoxNjE4NTk3MTA5LCJleHAiOjE2MTg2MDQzMDl9._qR5xJfTbwfkbVjVjSALTagFt_tTmnSjhuAEuWrlv3w"} {"timestamp":"16-04-2021 23:48:29"}
info: {"flag":true,"message":"Login sucessfull !","data":{"_id":"60788bbfd135f127b8097330","role":"User","firstName":"Saurabh","lastName":"Tripathi","email":"tripathishivam.311@gmail.com","token":"eyJhbGciOiJIUzI1NiIsInR5cCI6IkpXVCJ9.eyJfaWQiOiI2MDc4OGJiZmQxMzVmMTI3YjgwOTczMzAiLCJmaXJzdE5hbWUiOiJTYXVyYWJoIiwibGFzdE5hbWUiOiJUcmlwYXRoaSIsImVtYWlsIjoidHJpcGF0aGlzaGl2YW0uMzExQGdtYWlsLmNvbSIsInJvbGUiOiJVc2VyIiwiaWF0IjoxNjE4NTk3MTA5LCJleHAiOjE2MTg2MDQzMDl9._qR5xJfTbwfkbVjVjSALTagFt_tTmnSjhuAEuWrlv3w"},"code":200} {"timestamp":"16-04-2021 23:48:29"}
info: {"success":true,"message":"Token Generated","token":"eyJhbGciOiJIUzI1NiIsInR5cCI6IkpXVCJ9.eyJfaWQiOiI2MDc5ZDU2ZjQyMTY4NzQzMDRkNDVkZWQiLCJmaXJzdE5hbWUiOiJJdGFjaGkiLCJsYXN0TmFtZSI6IlVjaGloYSIsImVtYWlsIjoidWNoaWhhaXRhY2hpLjMxMUBnbWFpbC5jb20iLCJtb2JpbGUiOjg3NjUxNDU2OTgsInJvbGUiOiJBZG1pbiIsImlhdCI6MTYxODU5NzI2OSwiZXhwIjoxNjE4NjA0NDY5fQ.vRrAaP44QwSNVKQhdbBc0i8VxP2aTxl7acqh3pM6JJw"} {"timestamp":"16-04-2021 23:51:09"}
info: {"flag":true,"message":"Login sucessfull !","data":{"_id":"6079d56f4216874304d45ded","role":"Admin","firstName":"Itachi","lastName":"Uchiha","email":"uchihaitachi.311@gmail.com","token":"eyJhbGciOiJIUzI1NiIsInR5cCI6IkpXVCJ9.eyJfaWQiOiI2MDc5ZDU2ZjQyMTY4NzQzMDRkNDVkZWQiLCJmaXJzdE5hbWUiOiJJdGFjaGkiLCJsYXN0TmFtZSI6IlVjaGloYSIsImVtYWlsIjoidWNoaWhhaXRhY2hpLjMxMUBnbWFpbC5jb20iLCJtb2JpbGUiOjg3NjUxNDU2OTgsInJvbGUiOiJBZG1pbiIsImlhdCI6MTYxODU5NzI2OSwiZXhwIjoxNjE4NjA0NDY5fQ.vRrAaP44QwSNVKQhdbBc0i8VxP2aTxl7acqh3pM6JJw"},"code":200} {"timestamp":"16-04-2021 23:51:09"}
info: This is port 5000 {"timestamp":"16-04-2021 23:55:26"}
info: This is port 5000 {"timestamp":"16-04-2021 23:56:35"}
info: {"success":true,"message":"Token Generated","token":"eyJhbGciOiJIUzI1NiIsInR5cCI6IkpXVCJ9.eyJfaWQiOiI2MDc4OGJiZmQxMzVmMTI3YjgwOTczMzAiLCJmaXJzdE5hbWUiOiJTYXVyYWJoIiwibGFzdE5hbWUiOiJUcmlwYXRoaSIsImVtYWlsIjoidHJpcGF0aGlzaGl2YW0uMzExQGdtYWlsLmNvbSIsInJvbGUiOiJVc2VyIiwiaWF0IjoxNjE4NTk3NzA3LCJleHAiOjE2MTg2MDQ5MDd9.tx4BIitH8UPSI59TMfoLs2DmTk3YyV6ukykTgdNXQj0"} {"timestamp":"16-04-2021 23:58:27"}
info: {"flag":true,"message":"Login sucessfull !","data":{"_id":"60788bbfd135f127b8097330","role":"User","firstName":"Saurabh","lastName":"Tripathi","email":"tripathishivam.311@gmail.com","token":"eyJhbGciOiJIUzI1NiIsInR5cCI6IkpXVCJ9.eyJfaWQiOiI2MDc4OGJiZmQxMzVmMTI3YjgwOTczMzAiLCJmaXJzdE5hbWUiOiJTYXVyYWJoIiwibGFzdE5hbWUiOiJUcmlwYXRoaSIsImVtYWlsIjoidHJpcGF0aGlzaGl2YW0uMzExQGdtYWlsLmNvbSIsInJvbGUiOiJVc2VyIiwiaWF0IjoxNjE4NTk3NzA3LCJleHAiOjE2MTg2MDQ5MDd9.tx4BIitH8UPSI59TMfoLs2DmTk3YyV6ukykTgdNXQj0"},"code":200} {"timestamp":"16-04-2021 23:58:27"}
info: This is port 5000 {"timestamp":"17-04-2021 00:02:50"}
info: This is port 5000 {"timestamp":"17-04-2021 00:03:40"}
info: This is port 5000 {"timestamp":"17-04-2021 00:03:51"}
info: This is port 5000 {"timestamp":"17-04-2021 00:04:15"}
info: This is port 5000 {"timestamp":"17-04-2021 00:27:01"}
info: This is port 5000 {"timestamp":"17-04-2021 00:44:23"}
info: This is port 5000 {"timestamp":"17-04-2021 00:45:08"}
info: This is port 5000 {"timestamp":"17-04-2021 00:53:24"}
info: {"success":true,"message":"Token Generated","token":"eyJhbGciOiJIUzI1NiIsInR5cCI6IkpXVCJ9.eyJfaWQiOiI2MDc5ZDU2ZjQyMTY4NzQzMDRkNDVkZWQiLCJmaXJzdE5hbWUiOiJJdGFjaGkiLCJsYXN0TmFtZSI6IlVjaGloYSIsImVtYWlsIjoidWNoaWhhaXRhY2hpLjMxMUBnbWFpbC5jb20iLCJtb2JpbGUiOjg3NjUxNDU2OTgsInJvbGUiOiJBZG1pbiIsImlhdCI6MTYxODYwMTA4MiwiZXhwIjoxNjE4NjA4MjgyfQ.ztZ4RvKSuQWJlOZN7kZdU6ItKwm6hbHT17CFzMDkbvE"} {"timestamp":"17-04-2021 00:54:42"}
info: {"flag":true,"message":"Login sucessfull !","data":{"_id":"6079d56f4216874304d45ded","role":"Admin","firstName":"Itachi","lastName":"Uchiha","email":"uchihaitachi.311@gmail.com","token":"eyJhbGciOiJIUzI1NiIsInR5cCI6IkpXVCJ9.eyJfaWQiOiI2MDc5ZDU2ZjQyMTY4NzQzMDRkNDVkZWQiLCJmaXJzdE5hbWUiOiJJdGFjaGkiLCJsYXN0TmFtZSI6IlVjaGloYSIsImVtYWlsIjoidWNoaWhhaXRhY2hpLjMxMUBnbWFpbC5jb20iLCJtb2JpbGUiOjg3NjUxNDU2OTgsInJvbGUiOiJBZG1pbiIsImlhdCI6MTYxODYwMTA4MiwiZXhwIjoxNjE4NjA4MjgyfQ.ztZ4RvKSuQWJlOZN7kZdU6ItKwm6hbHT17CFzMDkbvE"},"code":200} {"timestamp":"17-04-2021 00:54:42"}
info: This is port 5000 {"timestamp":"17-04-2021 01:24:11"}
info: This is port 5000 {"timestamp":"17-04-2021 01:26:48"}
info: This is port 5000 {"timestamp":"17-04-2021 01:28:49"}
info: This is port 5000 {"timestamp":"17-04-2021 01:29:24"}
info: This is port 5000 {"timestamp":"17-04-2021 01:38:42"}
info: This is port 5000 {"timestamp":"17-04-2021 01:42:37"}
info: This is port 5000 {"timestamp":"17-04-2021 01:44:00"}
info: This is port 5000 {"timestamp":"17-04-2021 01:46:49"}
info: This is port 5000 {"timestamp":"17-04-2021 01:47:50"}
info: This is port 5000 {"timestamp":"17-04-2021 01:48:06"}
info: This is port 5000 {"timestamp":"17-04-2021 01:49:19"}
info: This is port 5000 {"timestamp":"17-04-2021 01:49:34"}
info: This is port 5000 {"timestamp":"17-04-2021 01:49:54"}
info: This is port 5000 {"timestamp":"17-04-2021 01:50:25"}
info: This is port 5000 {"timestamp":"17-04-2021 01:51:11"}
info: This is port 5000 {"timestamp":"17-04-2021 01:52:13"}
info: This is port 5000 {"timestamp":"17-04-2021 01:53:24"}
info: This is port 5000 {"timestamp":"17-04-2021 01:54:07"}
info: This is port 5000 {"timestamp":"17-04-2021 01:54:52"}
info: This is port 5000 {"timestamp":"17-04-2021 01:55:36"}
info: This is port 5000 {"timestamp":"17-04-2021 01:56:17"}
info: This is port 5000 {"timestamp":"17-04-2021 01:56:28"}
info: This is port 5000 {"timestamp":"17-04-2021 01:58:12"}
info: This is port 5000 {"timestamp":"17-04-2021 01:59:28"}
info: This is port 5000 {"timestamp":"17-04-2021 01:59:47"}
info: This is port 5000 {"timestamp":"17-04-2021 02:00:20"}
info: This is port 5000 {"timestamp":"17-04-2021 02:01:06"}
info: This is port 5000 {"timestamp":"17-04-2021 02:01:20"}
info: This is port 5000 {"timestamp":"17-04-2021 02:02:48"}
info: This is port 5000 {"timestamp":"17-04-2021 02:02:52"}
info: This is port 5000 {"timestamp":"17-04-2021 02:03:16"}
info: This is port 5000 {"timestamp":"17-04-2021 02:03:29"}
info: This is port 5000 {"timestamp":"17-04-2021 02:03:54"}
info: This is port 5000 {"timestamp":"17-04-2021 02:04:45"}
info: This is port 5000 {"timestamp":"17-04-2021 02:06:06"}
info: This is port 5000 {"timestamp":"17-04-2021 02:06:39"}
info: This is port 5000 {"timestamp":"17-04-2021 02:07:05"}
info: This is port 5000 {"timestamp":"17-04-2021 02:07:56"}
info: This is port 5000 {"timestamp":"17-04-2021 02:08:32"}
info: This is port 5000 {"timestamp":"17-04-2021 02:08:35"}
info: This is port 5000 {"timestamp":"17-04-2021 02:08:47"}
info: This is port 5000 {"timestamp":"17-04-2021 02:09:00"}
info: This is port 5000 {"timestamp":"17-04-2021 02:10:59"}
info: This is port 5000 {"timestamp":"17-04-2021 02:11:35"}
info: This is port 5000 {"timestamp":"17-04-2021 02:11:51"}
info: This is port 5000 {"timestamp":"17-04-2021 02:12:08"}
info: This is port 5000 {"timestamp":"17-04-2021 02:12:16"}
info: This is port 5000 {"timestamp":"17-04-2021 02:13:14"}
info: This is port 5000 {"timestamp":"17-04-2021 02:13:17"}
info: This is port 5000 {"timestamp":"17-04-2021 02:13:27"}
info: This is port 5000 {"timestamp":"17-04-2021 02:18:33"}
info: This is port 5000 {"timestamp":"17-04-2021 02:19:21"}
info: This is port 5000 {"timestamp":"17-04-2021 02:23:25"}
info: This is port 5000 {"timestamp":"17-04-2021 02:23:34"}
info: This is port 5000 {"timestamp":"17-04-2021 02:33:47"}
info: This is port 5000 {"timestamp":"17-04-2021 02:35:23"}
info: This is port 5000 {"timestamp":"17-04-2021 02:43:39"}
info: This is port 5000 {"timestamp":"17-04-2021 02:45:07"}
info: This is port 5000 {"timestamp":"17-04-2021 02:47:48"}
info: This is port 5000 {"timestamp":"17-04-2021 02:48:41"}
info: This is port 5000 {"timestamp":"17-04-2021 02:51:08"}
info: This is port 5000 {"timestamp":"17-04-2021 02:51:49"}
info: This is port 5000 {"timestamp":"17-04-2021 10:16:43"}
info: This is port 5000 {"timestamp":"17-04-2021 10:36:10"}
info: This is port 5000 {"timestamp":"17-04-2021 11:11:15"}
info: This is port 5000 {"timestamp":"17-04-2021 11:12:23"}
info: This is port 5000 {"timestamp":"17-04-2021 11:12:51"}
info: This is port 5000 {"timestamp":"17-04-2021 11:14:11"}
info: This is port 5000 {"timestamp":"17-04-2021 11:15:22"}
info: {"success":true,"message":"Token Generated","token":"eyJhbGciOiJIUzI1NiIsInR5cCI6IkpXVCJ9.eyJfaWQiOiI2MDc5ZDU2ZjQyMTY4NzQzMDRkNDVkZWQiLCJmaXJzdE5hbWUiOiJJdGFjaGkiLCJsYXN0TmFtZSI6IlVjaGloYSIsImVtYWlsIjoidWNoaWhhaXRhY2hpLjMxMUBnbWFpbC5jb20iLCJtb2JpbGUiOjg3NjUxNDU2OTgsInJvbGUiOiJBZG1pbiIsImlhdCI6MTYxODYzODM0OCwiZXhwIjoxNjE4NjQ1NTQ4fQ.qT4Cbiyn-nNFSvfe2i1aHeAP1Dll7_hOk9kBRXlvydI"} {"timestamp":"17-04-2021 11:15:48"}
info: {"flag":true,"message":"Login sucessfull !","data":{"_id":"6079d56f4216874304d45ded","role":"Admin","firstName":"Itachi","lastName":"Uchiha","email":"uchihaitachi.311@gmail.com","token":"eyJhbGciOiJIUzI1NiIsInR5cCI6IkpXVCJ9.eyJfaWQiOiI2MDc5ZDU2ZjQyMTY4NzQzMDRkNDVkZWQiLCJmaXJzdE5hbWUiOiJJdGFjaGkiLCJsYXN0TmFtZSI6IlVjaGloYSIsImVtYWlsIjoidWNoaWhhaXRhY2hpLjMxMUBnbWFpbC5jb20iLCJtb2JpbGUiOjg3NjUxNDU2OTgsInJvbGUiOiJBZG1pbiIsImlhdCI6MTYxODYzODM0OCwiZXhwIjoxNjE4NjQ1NTQ4fQ.qT4Cbiyn-nNFSvfe2i1aHeAP1Dll7_hOk9kBRXlvydI"},"code":200} {"timestamp":"17-04-2021 11:15:48"}
info: This is port 5000 {"timestamp":"17-04-2021 11:20:46"}
info: {"success":true,"message":"Token Generated","token":"eyJhbGciOiJIUzI1NiIsInR5cCI6IkpXVCJ9.eyJfaWQiOiI2MDc4OGJiZmQxMzVmMTI3YjgwOTczMzAiLCJmaXJzdE5hbWUiOiJTYXVyYWJoIiwibGFzdE5hbWUiOiJUcmlwYXRoaSIsImVtYWlsIjoidHJpcGF0aGlzaGl2YW0uMzExQGdtYWlsLmNvbSIsInJvbGUiOiJVc2VyIiwiaWF0IjoxNjE4NjM4NjUwLCJleHAiOjE2MTg2NDU4NTB9.urpJ7ZubNlyoOuc-RIWJpGiC-OUSp16fYzYcCgAk8rg"} {"timestamp":"17-04-2021 11:20:50"}
info: {"flag":true,"message":"Login sucessfull !","data":{"_id":"60788bbfd135f127b8097330","role":"User","firstName":"Saurabh","lastName":"Tripathi","email":"tripathishivam.311@gmail.com","token":"eyJhbGciOiJIUzI1NiIsInR5cCI6IkpXVCJ9.eyJfaWQiOiI2MDc4OGJiZmQxMzVmMTI3YjgwOTczMzAiLCJmaXJzdE5hbWUiOiJTYXVyYWJoIiwibGFzdE5hbWUiOiJUcmlwYXRoaSIsImVtYWlsIjoidHJpcGF0aGlzaGl2YW0uMzExQGdtYWlsLmNvbSIsInJvbGUiOiJVc2VyIiwiaWF0IjoxNjE4NjM4NjUwLCJleHAiOjE2MTg2NDU4NTB9.urpJ7ZubNlyoOuc-RIWJpGiC-OUSp16fYzYcCgAk8rg"},"code":200} {"timestamp":"17-04-2021 11:20:50"}
info: This is port 5000 {"timestamp":"17-04-2021 11:21:55"}
info: This is port 5000 {"timestamp":"17-04-2021 11:22:08"}
info: {"success":true,"message":"Token Generated","token":"eyJhbGciOiJIUzI1NiIsInR5cCI6IkpXVCJ9.eyJfaWQiOiI2MDc5ZDU2ZjQyMTY4NzQzMDRkNDVkZWQiLCJmaXJzdE5hbWUiOiJJdGFjaGkiLCJsYXN0TmFtZSI6IlVjaGloYSIsImVtYWlsIjoidWNoaWhhaXRhY2hpLjMxMUBnbWFpbC5jb20iLCJtb2JpbGUiOjg3NjUxNDU2OTgsInJvbGUiOiJBZG1pbiIsImlhdCI6MTYxODYzOTI3MCwiZXhwIjoxNjE4NjQ2NDcwfQ.71dxneBMvntPu-U2FIWIEA0GlzgYU-E9G2UT1a3fVAk"} {"timestamp":"17-04-2021 11:31:10"}
info: {"flag":true,"message":"Login sucessfull !","data":{"_id":"6079d56f4216874304d45ded","role":"Admin","firstName":"Itachi","lastName":"Uchiha","email":"uchihaitachi.311@gmail.com","token":"eyJhbGciOiJIUzI1NiIsInR5cCI6IkpXVCJ9.eyJfaWQiOiI2MDc5ZDU2ZjQyMTY4NzQzMDRkNDVkZWQiLCJmaXJzdE5hbWUiOiJJdGFjaGkiLCJsYXN0TmFtZSI6IlVjaGloYSIsImVtYWlsIjoidWNoaWhhaXRhY2hpLjMxMUBnbWFpbC5jb20iLCJtb2JpbGUiOjg3NjUxNDU2OTgsInJvbGUiOiJBZG1pbiIsImlhdCI6MTYxODYzOTI3MCwiZXhwIjoxNjE4NjQ2NDcwfQ.71dxneBMvntPu-U2FIWIEA0GlzgYU-E9G2UT1a3fVAk"},"code":200} {"timestamp":"17-04-2021 11:31:10"}
info: {"success":true,"message":"Token Generated","token":"eyJhbGciOiJIUzI1NiIsInR5cCI6IkpXVCJ9.eyJfaWQiOiI2MDc4OGJiZmQxMzVmMTI3YjgwOTczMzAiLCJmaXJzdE5hbWUiOiJTYXVyYWJoIiwibGFzdE5hbWUiOiJUcmlwYXRoaSIsImVtYWlsIjoidHJpcGF0aGlzaGl2YW0uMzExQGdtYWlsLmNvbSIsInJvbGUiOiJVc2VyIiwiaWF0IjoxNjE4NjQwOTM5LCJleHAiOjE2MTg2NDgxMzl9.WZzdxuDj05sQFmrJg893bjcSgfzlsN6V72C7z2HogCk"} {"timestamp":"17-04-2021 11:58:59"}
info: {"flag":true,"message":"Login sucessfull !","data":{"_id":"60788bbfd135f127b8097330","role":"User","firstName":"Saurabh","lastName":"Tripathi","email":"tripathishivam.311@gmail.com","token":"eyJhbGciOiJIUzI1NiIsInR5cCI6IkpXVCJ9.eyJfaWQiOiI2MDc4OGJiZmQxMzVmMTI3YjgwOTczMzAiLCJmaXJzdE5hbWUiOiJTYXVyYWJoIiwibGFzdE5hbWUiOiJUcmlwYXRoaSIsImVtYWlsIjoidHJpcGF0aGlzaGl2YW0uMzExQGdtYWlsLmNvbSIsInJvbGUiOiJVc2VyIiwiaWF0IjoxNjE4NjQwOTM5LCJleHAiOjE2MTg2NDgxMzl9.WZzdxuDj05sQFmrJg893bjcSgfzlsN6V72C7z2HogCk"},"code":200} {"timestamp":"17-04-2021 11:58:59"}
info: This is port 5000 {"timestamp":"18-04-2021 15:24:23"}
info: This is port 5000 {"timestamp":"18-04-2021 15:25:04"}
info: This is port 5000 {"timestamp":"18-04-2021 15:27:38"}
info: This is port 5000 {"timestamp":"18-04-2021 15:34:26"}
info: This is port 5000 {"timestamp":"18-04-2021 15:34:43"}
info: This is port 5000 {"timestamp":"18-04-2021 15:41:41"}
info: This is port 5000 {"timestamp":"18-04-2021 15:45:48"}
info: {"success":true,"message":"Token Generated","token":"eyJhbGciOiJIUzI1NiIsInR5cCI6IkpXVCJ9.eyJfaWQiOiI2MDc4OGJiZmQxMzVmMTI3YjgwOTczMzAiLCJmaXJzdE5hbWUiOiJTYXVyYWJoIiwibGFzdE5hbWUiOiJUcmlwYXRoaSIsImVtYWlsIjoidHJpcGF0aGlzaGl2YW0uMzExQGdtYWlsLmNvbSIsInJvbGUiOiJVc2VyIiwiaWF0IjoxNjE4NzQwOTcwLCJleHAiOjE2MTg3NDgxNzB9.bngntlaxvckl9VA-7Q5FcYPXpPRovvmtmjTs7hhrz-Q"} {"timestamp":"18-04-2021 15:46:10"}
info: {"flag":true,"message":"Login sucessfull !","data":{"_id":"60788bbfd135f127b8097330","role":"User","firstName":"Saurabh","lastName":"Tripathi","email":"tripathishivam.311@gmail.com","token":"eyJhbGciOiJIUzI1NiIsInR5cCI6IkpXVCJ9.eyJfaWQiOiI2MDc4OGJiZmQxMzVmMTI3YjgwOTczMzAiLCJmaXJzdE5hbWUiOiJTYXVyYWJoIiwibGFzdE5hbWUiOiJUcmlwYXRoaSIsImVtYWlsIjoidHJpcGF0aGlzaGl2YW0uMzExQGdtYWlsLmNvbSIsInJvbGUiOiJVc2VyIiwiaWF0IjoxNjE4NzQwOTcwLCJleHAiOjE2MTg3NDgxNzB9.bngntlaxvckl9VA-7Q5FcYPXpPRovvmtmjTs7hhrz-Q"},"code":200} {"timestamp":"18-04-2021 15:46:10"}
info: This is port 5000 {"timestamp":"18-04-2021 15:50:04"}
info: This is port 5000 {"timestamp":"18-04-2021 15:50:31"}
info: This is port 5000 {"timestamp":"18-04-2021 15:50:55"}
info: This is port 5000 {"timestamp":"18-04-2021 15:52:02"}
info: This is port 5000 {"timestamp":"18-04-2021 15:54:12"}
info: This is port 5000 {"timestamp":"18-04-2021 15:54:21"}
info: This is port 5000 {"timestamp":"18-04-2021 15:54:32"}
info: This is port 5000 {"timestamp":"18-04-2021 16:00:03"}
info: This is port 5000 {"timestamp":"18-04-2021 16:06:25"}
info: This is port 5000 {"timestamp":"18-04-2021 16:06:55"}
info: This is port 5000 {"timestamp":"18-04-2021 16:07:44"}
info: This is port 5000 {"timestamp":"18-04-2021 16:10:50"}
info: This is port 5000 {"timestamp":"18-04-2021 16:11:22"}
info: This is port 5000 {"timestamp":"18-04-2021 16:12:14"}
info: This is port 5000 {"timestamp":"18-04-2021 16:12:38"}
info: This is port 5000 {"timestamp":"18-04-2021 16:14:05"}
info: This is port 5000 {"timestamp":"18-04-2021 16:14:08"}
info: This is port 5000 {"timestamp":"18-04-2021 16:14:40"}
info: This is port 5000 {"timestamp":"18-04-2021 16:28:03"}
info: This is port 5000 {"timestamp":"18-04-2021 16:32:01"}
info: This is port 5000 {"timestamp":"18-04-2021 16:34:50"}
info: This is port 5000 {"timestamp":"18-04-2021 16:37:26"}
info: This is port 5000 {"timestamp":"18-04-2021 16:38:42"}
info: This is port 5000 {"timestamp":"18-04-2021 16:41:16"}
info: This is port 5000 {"timestamp":"18-04-2021 16:44:08"}
info: This is port 5000 {"timestamp":"18-04-2021 16:56:37"}
info: This is port 5000 {"timestamp":"18-04-2021 16:57:29"}
info: This is port 5000 {"timestamp":"18-04-2021 16:59:51"}
info: This is port 5000 {"timestamp":"18-04-2021 18:25:31"}
info: This is port 5000 {"timestamp":"18-04-2021 18:31:22"}
info: This is port 5000 {"timestamp":"18-04-2021 18:33:30"}
info: This is port 5000 {"timestamp":"18-04-2021 18:33:33"}
info: {"success":true,"message":"Token Generated","token":"eyJhbGciOiJIUzI1NiIsInR5cCI6IkpXVCJ9.eyJfaWQiOiI2MDdjMmUyOGY0YWU2YjJlZTQzZGEzZDMiLCJmaXJzdE5hbWUiOiJLYWthc2hpIiwibGFzdE5hbWUiOiJIYXRha2UiLCJlbWFpbCI6ImhhdGFrZWtha2FzaGkuMzExQGdtYWlsLmNvbSIsIm1vYmlsZSI6ODc2NTE0NTY5OCwicm9sZSI6IlVzZXIiLCJpYXQiOjE2MTg3NTEwNDQsImV4cCI6MTYxODc1ODI0NH0.10_xQZbRLE8wzl1G1qqwhzbDT3ONv8iDhXidx5TKPwM"} {"timestamp":"18-04-2021 18:34:04"}
info: {"flag":true,"message":"Login sucessfull !","data":{"_id":"607c2e28f4ae6b2ee43da3d3","role":"User","firstName":"Kakashi","lastName":"Hatake","email":"hatakekakashi.311@gmail.com","token":"eyJhbGciOiJIUzI1NiIsInR5cCI6IkpXVCJ9.eyJfaWQiOiI2MDdjMmUyOGY0YWU2YjJlZTQzZGEzZDMiLCJmaXJzdE5hbWUiOiJLYWthc2hpIiwibGFzdE5hbWUiOiJIYXRha2UiLCJlbWFpbCI6ImhhdGFrZWtha2FzaGkuMzExQGdtYWlsLmNvbSIsIm1vYmlsZSI6ODc2NTE0NTY5OCwicm9sZSI6IlVzZXIiLCJpYXQiOjE2MTg3NTEwNDQsImV4cCI6MTYxODc1ODI0NH0.10_xQZbRLE8wzl1G1qqwhzbDT3ONv8iDhXidx5TKPwM"},"code":200} {"timestamp":"18-04-2021 18:34:04"}
info: This is port 5000 {"timestamp":"18-04-2021 19:47:59"}
info: {"success":true,"message":"Token Generated","token":"eyJhbGciOiJIUzI1NiIsInR5cCI6IkpXVCJ9.eyJfaWQiOiI2MDdjMmUyOGY0YWU2YjJlZTQzZGEzZDMiLCJmaXJzdE5hbWUiOiJLYWthc2hpIiwibGFzdE5hbWUiOiJIYXRha2UiLCJlbWFpbCI6ImhhdGFrZWtha2FzaGkuMzExQGdtYWlsLmNvbSIsIm1vYmlsZSI6ODc2NTE0NTY5OCwicm9sZSI6IlVzZXIiLCJpYXQiOjE2MTg3NTU3MzAsImV4cCI6MTYxODc2MjkzMH0.cYtjWpbagjBMOQDy75d0ocO0VgMCRSWa6Z2srqhnYks"} {"timestamp":"18-04-2021 19:52:10"}
info: {"flag":true,"message":"Login sucessfull !","data":{"_id":"607c2e28f4ae6b2ee43da3d3","role":"User","firstName":"Kakashi","lastName":"Hatake","email":"hatakekakashi.311@gmail.com","token":"eyJhbGciOiJIUzI1NiIsInR5cCI6IkpXVCJ9.eyJfaWQiOiI2MDdjMmUyOGY0YWU2YjJlZTQzZGEzZDMiLCJmaXJzdE5hbWUiOiJLYWthc2hpIiwibGFzdE5hbWUiOiJIYXRha2UiLCJlbWFpbCI6ImhhdGFrZWtha2FzaGkuMzExQGdtYWlsLmNvbSIsIm1vYmlsZSI6ODc2NTE0NTY5OCwicm9sZSI6IlVzZXIiLCJpYXQiOjE2MTg3NTU3MzAsImV4cCI6MTYxODc2MjkzMH0.cYtjWpbagjBMOQDy75d0ocO0VgMCRSWa6Z2srqhnYks"},"code":200} {"timestamp":"18-04-2021 19:52:10"}
info: This is port 5000 {"timestamp":"18-04-2021 19:57:45"}
info: This is port 5000 {"timestamp":"18-04-2021 20:01:48"}
info: This is port 5000 {"timestamp":"18-04-2021 20:26:29"}
info: This is port 5000 {"timestamp":"18-04-2021 20:27:33"}
info: This is port 5000 {"timestamp":"18-04-2021 20:29:34"}
info: This is port 5000 {"timestamp":"18-04-2021 20:30:02"}
info: This is port 5000 {"timestamp":"18-04-2021 21:05:16"}
info: This is port 5000 {"timestamp":"18-04-2021 21:06:16"}
info: This is port 5000 {"timestamp":"18-04-2021 21:13:36"}
info: This is port 5000 {"timestamp":"18-04-2021 21:13:55"}
info: This is port 5000 {"timestamp":"18-04-2021 21:14:13"}
info: This is port 5000 {"timestamp":"18-04-2021 21:17:01"}
info: This is port 5000 {"timestamp":"18-04-2021 21:17:43"}
info: {"success":true,"message":"Token Generated","token":"eyJhbGciOiJIUzI1NiIsInR5cCI6IkpXVCJ9.eyJfaWQiOiI2MDc4OGJiZmQxMzVmMTI3YjgwOTczMzAiLCJmaXJzdE5hbWUiOiJTYXVyYWJoIiwibGFzdE5hbWUiOiJUcmlwYXRoaSIsImVtYWlsIjoidHJpcGF0aGlzaGl2YW0uMzExQGdtYWlsLmNvbSIsInJvbGUiOiJVc2VyIiwiaWF0IjoxNjE4NzYwODg5LCJleHAiOjE2MTg3NjgwODl9.f4_q83D_nGWYDw77DuxtcPACWwmK6nIe5pDJXpeja0k"} {"timestamp":"18-04-2021 21:18:09"}
info: {"flag":true,"message":"Login sucessfull !","data":{"_id":"60788bbfd135f127b8097330","role":"User","firstName":"Saurabh","lastName":"Tripathi","email":"tripathishivam.311@gmail.com","token":"eyJhbGciOiJIUzI1NiIsInR5cCI6IkpXVCJ9.eyJfaWQiOiI2MDc4OGJiZmQxMzVmMTI3YjgwOTczMzAiLCJmaXJzdE5hbWUiOiJTYXVyYWJoIiwibGFzdE5hbWUiOiJUcmlwYXRoaSIsImVtYWlsIjoidHJpcGF0aGlzaGl2YW0uMzExQGdtYWlsLmNvbSIsInJvbGUiOiJVc2VyIiwiaWF0IjoxNjE4NzYwODg5LCJleHAiOjE2MTg3NjgwODl9.f4_q83D_nGWYDw77DuxtcPACWwmK6nIe5pDJXpeja0k"},"code":200} {"timestamp":"18-04-2021 21:18:09"}
info: This is port 5000 {"timestamp":"18-04-2021 21:22:38"}
info: This is port 5000 {"timestamp":"18-04-2021 21:23:28"}
info: This is port 5000 {"timestamp":"18-04-2021 21:24:11"}
info: This is port 5000 {"timestamp":"18-04-2021 21:25:42"}
info: This is port 5000 {"timestamp":"18-04-2021 21:28:27"}
info: This is port 5000 {"timestamp":"18-04-2021 21:28:49"}
info: This is port 5000 {"timestamp":"18-04-2021 21:29:53"}
info: This is port 5000 {"timestamp":"18-04-2021 21:30:30"}
info: This is port 5000 {"timestamp":"18-04-2021 21:31:09"}
info: This is port 5000 {"timestamp":"18-04-2021 21:31:44"}
info: This is port 5000 {"timestamp":"18-04-2021 21:39:07"}
info: This is port 5000 {"timestamp":"18-04-2021 21:39:30"}
info: This is port 5000 {"timestamp":"18-04-2021 21:40:46"}
info: This is port 5000 {"timestamp":"18-04-2021 21:41:20"}
info: This is port 5000 {"timestamp":"18-04-2021 21:41:34"}
info: This is port 5000 {"timestamp":"18-04-2021 21:42:06"}
info: {"success":true,"message":"Token Generated","token":"eyJhbGciOiJIUzI1NiIsInR5cCI6IkpXVCJ9.eyJfaWQiOiI2MDc4OGJiZmQxMzVmMTI3YjgwOTczMzAiLCJmaXJzdE5hbWUiOiJTYXVyYWJoIiwibGFzdE5hbWUiOiJUcmlwYXRoaSIsImVtYWlsIjoidHJpcGF0aGlzaGl2YW0uMzExQGdtYWlsLmNvbSIsInJvbGUiOiJVc2VyIiwiaWF0IjoxNjE4NzYyMzM3LCJleHAiOjE2MTg3Njk1Mzd9.YoWyB4cTlO_8x9egEW9_V30P5w3SXKKIKyDk9Ax6hjA"} {"timestamp":"18-04-2021 21:42:17"}
info: {"flag":true,"message":"Login sucessfull !","data":{"_id":"60788bbfd135f127b8097330","role":"User","firstName":"Saurabh","lastName":"Tripathi","email":"tripathishivam.311@gmail.com","token":"eyJhbGciOiJIUzI1NiIsInR5cCI6IkpXVCJ9.eyJfaWQiOiI2MDc4OGJiZmQxMzVmMTI3YjgwOTczMzAiLCJmaXJzdE5hbWUiOiJTYXVyYWJoIiwibGFzdE5hbWUiOiJUcmlwYXRoaSIsImVtYWlsIjoidHJpcGF0aGlzaGl2YW0uMzExQGdtYWlsLmNvbSIsInJvbGUiOiJVc2VyIiwiaWF0IjoxNjE4NzYyMzM3LCJleHAiOjE2MTg3Njk1Mzd9.YoWyB4cTlO_8x9egEW9_V30P5w3SXKKIKyDk9Ax6hjA"},"code":200} {"timestamp":"18-04-2021 21:42:17"}
info: This is port 5000 {"timestamp":"18-04-2021 21:43:45"}
info: This is port 5000 {"timestamp":"18-04-2021 21:45:33"}
info: This is port 5000 {"timestamp":"18-04-2021 21:45:40"}
info: This is port 5000 {"timestamp":"18-04-2021 21:47:51"}
info: This is port 5000 {"timestamp":"18-04-2021 21:48:59"}
info: This is port 5000 {"timestamp":"18-04-2021 21:53:03"}
info: This is port 5000 {"timestamp":"18-04-2021 21:53:14"}
info: This is port 5000 {"timestamp":"18-04-2021 21:55:19"}
info: This is port 5000 {"timestamp":"18-04-2021 21:55:27"}
info: This is port 5000 {"timestamp":"18-04-2021 21:56:51"}
info: This is port 5000 {"timestamp":"18-04-2021 21:57:17"}
info: This is port 5000 {"timestamp":"18-04-2021 21:59:07"}
info: This is port 5000 {"timestamp":"18-04-2021 22:05:01"}
info: This is port 5000 {"timestamp":"18-04-2021 22:08:10"}
info: This is port 5000 {"timestamp":"18-04-2021 22:09:20"}
info: This is port 5000 {"timestamp":"18-04-2021 22:10:21"}
info: This is port 5000 {"timestamp":"18-04-2021 22:13:22"}
info: This is port 5000 {"timestamp":"18-04-2021 23:26:30"}
info: {"success":true,"message":"Token Generated","token":"eyJhbGciOiJIUzI1NiIsInR5cCI6IkpXVCJ9.eyJfaWQiOiI2MDc4OGJiZmQxMzVmMTI3YjgwOTczMzAiLCJmaXJzdE5hbWUiOiJTYXVyYWJoIiwibGFzdE5hbWUiOiJUcmlwYXRoaSIsImVtYWlsIjoidHJpcGF0aGlzaGl2YW0uMzExQGdtYWlsLmNvbSIsInJvbGUiOiJVc2VyIiwiaWF0IjoxNjE4NzY4NjY1LCJleHAiOjE2MTg3NzU4NjV9.Vjx4JtgboJjxKYB1PDCirVO9YkEG9Z9VlDjn0ak0GbA"} {"timestamp":"18-04-2021 23:27:46"}
info: {"flag":true,"message":"Login sucessfull !","data":{"_id":"60788bbfd135f127b8097330","role":"User","firstName":"Saurabh","lastName":"Tripathi","email":"tripathishivam.311@gmail.com","token":"eyJhbGciOiJIUzI1NiIsInR5cCI6IkpXVCJ9.eyJfaWQiOiI2MDc4OGJiZmQxMzVmMTI3YjgwOTczMzAiLCJmaXJzdE5hbWUiOiJTYXVyYWJoIiwibGFzdE5hbWUiOiJUcmlwYXRoaSIsImVtYWlsIjoidHJpcGF0aGlzaGl2YW0uMzExQGdtYWlsLmNvbSIsInJvbGUiOiJVc2VyIiwiaWF0IjoxNjE4NzY4NjY1LCJleHAiOjE2MTg3NzU4NjV9.Vjx4JtgboJjxKYB1PDCirVO9YkEG9Z9VlDjn0ak0GbA"},"code":200} {"timestamp":"18-04-2021 23:27:46"}
info: This is port 5000 {"timestamp":"18-04-2021 23:32:15"}
info: This is port 5000 {"timestamp":"18-04-2021 23:32:23"}
info: This is port 5000 {"timestamp":"18-04-2021 23:33:05"}
info: This is port 5000 {"timestamp":"18-04-2021 23:38:44"}
info: This is port 5000 {"timestamp":"18-04-2021 23:52:47"}
info: This is port 5000 {"timestamp":"19-04-2021 00:06:32"}
info: This is port 5000 {"timestamp":"19-04-2021 00:07:37"}
info: This is port 5000 {"timestamp":"19-04-2021 00:08:13"}
info: This is port 5000 {"timestamp":"19-04-2021 00:08:21"}
info: This is port 5000 {"timestamp":"19-04-2021 00:09:46"}
info: This is port 5000 {"timestamp":"19-04-2021 00:10:50"}
info: This is port 5000 {"timestamp":"19-04-2021 00:10:57"}
info: This is port 5000 {"timestamp":"19-04-2021 00:11:39"}
info: This is port 5000 {"timestamp":"19-04-2021 00:21:25"}
info: This is port 5000 {"timestamp":"19-04-2021 00:22:56"}
info: This is port 5000 {"timestamp":"19-04-2021 00:28:41"}
info: {"success":true,"message":"Token Generated","token":"eyJhbGciOiJIUzI1NiIsInR5cCI6IkpXVCJ9.eyJfaWQiOiI2MDdjMmUyOGY0YWU2YjJlZTQzZGEzZDMiLCJmaXJzdE5hbWUiOiJLYWthc2hpIiwibGFzdE5hbWUiOiJIYXRha2UiLCJlbWFpbCI6ImhhdGFrZWtha2FzaGkuMzExQGdtYWlsLmNvbSIsIm1vYmlsZSI6ODc2NTE0NTY5OCwicm9sZSI6IlVzZXIiLCJpYXQiOjE2MTg3NzIzNTAsImV4cCI6MTYxODc3OTU1MH0.VS-kZuBVTJOQOROgAGZ8GDJ_R9_Rpa6j-5n33iG4ces"} {"timestamp":"19-04-2021 00:29:10"}
info: {"flag":true,"message":"Login sucessfull !","data":{"_id":"607c2e28f4ae6b2ee43da3d3","role":"User","firstName":"Kakashi","lastName":"Hatake","email":"hatakekakashi.311@gmail.com","token":"eyJhbGciOiJIUzI1NiIsInR5cCI6IkpXVCJ9.eyJfaWQiOiI2MDdjMmUyOGY0YWU2YjJlZTQzZGEzZDMiLCJmaXJzdE5hbWUiOiJLYWthc2hpIiwibGFzdE5hbWUiOiJIYXRha2UiLCJlbWFpbCI6ImhhdGFrZWtha2FzaGkuMzExQGdtYWlsLmNvbSIsIm1vYmlsZSI6ODc2NTE0NTY5OCwicm9sZSI6IlVzZXIiLCJpYXQiOjE2MTg3NzIzNTAsImV4cCI6MTYxODc3OTU1MH0.VS-kZuBVTJOQOROgAGZ8GDJ_R9_Rpa6j-5n33iG4ces"},"code":200} {"timestamp":"19-04-2021 00:29:10"}
info: This is port 5000 {"timestamp":"19-04-2021 00:36:09"}
info: This is port 5000 {"timestamp":"19-04-2021 00:42:17"}
info: This is port 5000 {"timestamp":"19-04-2021 00:42:50"}
info: This is port 5000 {"timestamp":"19-04-2021 00:43:50"}
info: This is port 5000 {"timestamp":"19-04-2021 00:44:30"}
info: This is port 5000 {"timestamp":"19-04-2021 00:44:55"}
info: This is port 5000 {"timestamp":"19-04-2021 00:45:12"}
info: This is port 5000 {"timestamp":"19-04-2021 00:46:21"}
info: This is port 5000 {"timestamp":"19-04-2021 00:47:19"}
info: This is port 5000 {"timestamp":"19-04-2021 00:47:30"}
info: This is port 5000 {"timestamp":"19-04-2021 00:47:40"}
info: This is port 5000 {"timestamp":"19-04-2021 00:48:09"}
info: This is port 5000 {"timestamp":"19-04-2021 00:48:23"}
info: This is port 5000 {"timestamp":"19-04-2021 00:49:09"}
info: This is port 5000 {"timestamp":"19-04-2021 00:49:21"}
info: This is port 5000 {"timestamp":"19-04-2021 00:49:28"}
info: This is port 5000 {"timestamp":"19-04-2021 11:18:58"}
info: This is port 5000 {"timestamp":"19-04-2021 11:24:53"}
info: This is port 5000 {"timestamp":"19-04-2021 11:27:43"}
info: {"success":true,"message":"Token Generated","token":"eyJhbGciOiJIUzI1NiIsInR5cCI6IkpXVCJ9.eyJfaWQiOiI2MDdjMmUyOGY0YWU2YjJlZTQzZGEzZDMiLCJmaXJzdE5hbWUiOiJLYWthc2hpIiwibGFzdE5hbWUiOiJIYXRha2UiLCJlbWFpbCI6ImhhdGFrZWtha2FzaGkuMzExQGdtYWlsLmNvbSIsIm1vYmlsZSI6ODc2NTE0NTY5OCwicm9sZSI6IlVzZXIiLCJpYXQiOjE2MTg4MTI2NTksImV4cCI6MTYxODgxOTg1OX0.kE6dkc34zrr_ExwCdgF4qd_9qbkYtErrS-UfE9B6_to"} {"timestamp":"19-04-2021 11:40:59"}
info: {"flag":true,"message":"Login sucessfull !","data":{"_id":"607c2e28f4ae6b2ee43da3d3","role":"User","firstName":"Kakashi","lastName":"Hatake","email":"hatakekakashi.311@gmail.com","token":"eyJhbGciOiJIUzI1NiIsInR5cCI6IkpXVCJ9.eyJfaWQiOiI2MDdjMmUyOGY0YWU2YjJlZTQzZGEzZDMiLCJmaXJzdE5hbWUiOiJLYWthc2hpIiwibGFzdE5hbWUiOiJIYXRha2UiLCJlbWFpbCI6ImhhdGFrZWtha2FzaGkuMzExQGdtYWlsLmNvbSIsIm1vYmlsZSI6ODc2NTE0NTY5OCwicm9sZSI6IlVzZXIiLCJpYXQiOjE2MTg4MTI2NTksImV4cCI6MTYxODgxOTg1OX0.kE6dkc34zrr_ExwCdgF4qd_9qbkYtErrS-UfE9B6_to"},"code":200} {"timestamp":"19-04-2021 11:40:59"}
info: This is port 5000 {"timestamp":"19-04-2021 17:01:29"}
info: {"success":true,"message":"Token Generated","token":"eyJhbGciOiJIUzI1NiIsInR5cCI6IkpXVCJ9.eyJfaWQiOiI2MDdjMmUyOGY0YWU2YjJlZTQzZGEzZDMiLCJmaXJzdE5hbWUiOiJLYWthc2hpIiwibGFzdE5hbWUiOiJIYXRha2UiLCJlbWFpbCI6ImhhdGFrZWtha2FzaGkuMzExQGdtYWlsLmNvbSIsIm1vYmlsZSI6ODc2NTE0NTY5OCwicm9sZSI6IlVzZXIiLCJpYXQiOjE2MTg4MzIwNDQsImV4cCI6MTYxODgzOTI0NH0.0jWtwwGYDtC9GQDOTOxxoOH_TIzgtQUg9aKRIHywReM"} {"timestamp":"19-04-2021 17:04:04"}
info: {"flag":true,"message":"Login sucessfull !","data":{"_id":"607c2e28f4ae6b2ee43da3d3","role":"User","firstName":"Kakashi","lastName":"Hatake","email":"hatakekakashi.311@gmail.com","token":"eyJhbGciOiJIUzI1NiIsInR5cCI6IkpXVCJ9.eyJfaWQiOiI2MDdjMmUyOGY0YWU2YjJlZTQzZGEzZDMiLCJmaXJzdE5hbWUiOiJLYWthc2hpIiwibGFzdE5hbWUiOiJIYXRha2UiLCJlbWFpbCI6ImhhdGFrZWtha2FzaGkuMzExQGdtYWlsLmNvbSIsIm1vYmlsZSI6ODc2NTE0NTY5OCwicm9sZSI6IlVzZXIiLCJpYXQiOjE2MTg4MzIwNDQsImV4cCI6MTYxODgzOTI0NH0.0jWtwwGYDtC9GQDOTOxxoOH_TIzgtQUg9aKRIHywReM"},"code":200} {"timestamp":"19-04-2021 17:04:04"}
info: This is port 5000 {"timestamp":"19-04-2021 17:08:27"}
info: This is port 5000 {"timestamp":"19-04-2021 17:22:28"}
info: This is port 5000 {"timestamp":"19-04-2021 17:32:07"}
info: This is port 5000 {"timestamp":"19-04-2021 19:48:43"}
info: This is port 5000 {"timestamp":"19-04-2021 20:33:20"}
info: This is port 5000 {"timestamp":"19-04-2021 20:39:27"}
info: This is port 5000 {"timestamp":"19-04-2021 20:45:18"}
info: This is port 5000 {"timestamp":"19-04-2021 20:46:17"}
info: {"success":true,"message":"Token Generated","token":"eyJhbGciOiJIUzI1NiIsInR5cCI6IkpXVCJ9.eyJfaWQiOiI2MDdjMmUyOGY0YWU2YjJlZTQzZGEzZDMiLCJmaXJzdE5hbWUiOiJLYWthc2hpIiwibGFzdE5hbWUiOiJIYXRha2UiLCJlbWFpbCI6ImhhdGFrZWtha2FzaGkuMzExQGdtYWlsLmNvbSIsIm1vYmlsZSI6ODc2NTE0NTY5OCwicm9sZSI6IlVzZXIiLCJpYXQiOjE2MTg4NDUzODMsImV4cCI6MTYxODg1MjU4M30.uscW21Yr_HUAJJtCbfAJFFRoQhlY2MZX9FRHupSbgC8"} {"timestamp":"19-04-2021 20:46:23"}
info: {"flag":true,"message":"Login sucessfull !","data":{"_id":"607c2e28f4ae6b2ee43da3d3","role":"User","firstName":"Kakashi","lastName":"Hatake","email":"hatakekakashi.311@gmail.com","token":"eyJhbGciOiJIUzI1NiIsInR5cCI6IkpXVCJ9.eyJfaWQiOiI2MDdjMmUyOGY0YWU2YjJlZTQzZGEzZDMiLCJmaXJzdE5hbWUiOiJLYWthc2hpIiwibGFzdE5hbWUiOiJIYXRha2UiLCJlbWFpbCI6ImhhdGFrZWtha2FzaGkuMzExQGdtYWlsLmNvbSIsIm1vYmlsZSI6ODc2NTE0NTY5OCwicm9sZSI6IlVzZXIiLCJpYXQiOjE2MTg4NDUzODMsImV4cCI6MTYxODg1MjU4M30.uscW21Yr_HUAJJtCbfAJFFRoQhlY2MZX9FRHupSbgC8"},"code":200} {"timestamp":"19-04-2021 20:46:23"}
info: This is port 5000 {"timestamp":"19-04-2021 20:47:41"}
info: This is port 5000 {"timestamp":"19-04-2021 20:48:41"}
info: This is port 5000 {"timestamp":"19-04-2021 20:48:52"}
info: This is port 5000 {"timestamp":"19-04-2021 20:48:59"}
info: This is port 5000 {"timestamp":"19-04-2021 20:58:39"}
info: This is port 5000 {"timestamp":"19-04-2021 21:02:55"}
info: This is port 5000 {"timestamp":"19-04-2021 21:22:10"}
info: This is port 5000 {"timestamp":"23-04-2021 11:24:10"}
info: This is port 5000 {"timestamp":"23-04-2021 11:26:27"}
info: This is port 5000 {"timestamp":"23-04-2021 13:41:37"}
info: This is port 5000 {"timestamp":"23-04-2021 13:42:34"}
info: This is port 5000 {"timestamp":"23-04-2021 13:43:42"}
info: This is port 5000 {"timestamp":"23-04-2021 13:44:13"}
info: This is port 5000 {"timestamp":"23-04-2021 13:44:41"}
info: This is port 5000 {"timestamp":"23-04-2021 13:50:10"}
info: This is port 5000 {"timestamp":"23-04-2021 13:53:55"}
info: This is port 5000 {"timestamp":"23-04-2021 13:56:55"}
info: This is port 5000 {"timestamp":"23-04-2021 13:57:59"}
info: This is port 5000 {"timestamp":"23-04-2021 13:58:13"}
info: This is port 5000 {"timestamp":"23-04-2021 13:58:24"}
info: This is port 5000 {"timestamp":"23-04-2021 14:13:43"}
info: This is port 5000 {"timestamp":"23-04-2021 14:13:49"}
info: This is port 5000 {"timestamp":"23-04-2021 17:44:55"}
info: This is port 5000 {"timestamp":"23-04-2021 18:48:44"}
info: This is port 5000 {"timestamp":"23-04-2021 21:33:44"}
info: {"success":true,"message":"Token Generated","token":"eyJhbGciOiJIUzI1NiIsInR5cCI6IkpXVCJ9.eyJfaWQiOiI2MDgyYmE2ZmZkYmU1NjQ4NDBhMTg2NmEiLCJmdWxsTmFtZSI6IlNhdXJhYmggVHJpcGF0aGkiLCJlbWFpbCI6InRyaXBhdGhpc2F1cmFiaC4zMTFAZ21haWwuY29tIiwibW9iaWxlIjo4NjUxNTYyNjU0LCJyb2xlIjoiVXNlciIsImlhdCI6MTYxOTE5NDcyOCwiZXhwIjoxNjE5MjAxOTI4fQ.0kUC6sPq0id9cHRkJ1yD8UDH5pQrHdZYQJZLk3AR1nw"} {"timestamp":"23-04-2021 21:48:48"}
info: {"flag":true,"message":"Login sucessfull !","data":{"_id":"6082ba6ffdbe564840a1866a","role":"User","fullName":"Saurabh Tripathi","email":"tripathisaurabh.311@gmail.com","token":"eyJhbGciOiJIUzI1NiIsInR5cCI6IkpXVCJ9.eyJfaWQiOiI2MDgyYmE2ZmZkYmU1NjQ4NDBhMTg2NmEiLCJmdWxsTmFtZSI6IlNhdXJhYmggVHJpcGF0aGkiLCJlbWFpbCI6InRyaXBhdGhpc2F1cmFiaC4zMTFAZ21haWwuY29tIiwibW9iaWxlIjo4NjUxNTYyNjU0LCJyb2xlIjoiVXNlciIsImlhdCI6MTYxOTE5NDcyOCwiZXhwIjoxNjE5MjAxOTI4fQ.0kUC6sPq0id9cHRkJ1yD8UDH5pQrHdZYQJZLk3AR1nw"},"code":200} {"timestamp":"23-04-2021 21:48:48"}
info: {"success":true,"message":"Token Generated","token":"eyJhbGciOiJIUzI1NiIsInR5cCI6IkpXVCJ9.eyJfaWQiOiI2MDgyYmE2ZmZkYmU1NjQ4NDBhMTg2NmEiLCJmdWxsTmFtZSI6IlNhdXJhYmggVHJpcGF0aGkiLCJlbWFpbCI6InRyaXBhdGhpc2F1cmFiaC4zMTFAZ21haWwuY29tIiwibW9iaWxlIjo4NjUxNTYyNjU0LCJyb2xlIjoiVXNlciIsImlhdCI6MTYxOTE5NDc0OCwiZXhwIjoxNjE5MjAxOTQ4fQ.aL9Uulqh_yqRnW73dT5jYPnd4AzKb0tNjONorWOE5Ls"} {"timestamp":"23-04-2021 21:49:08"}
info: {"flag":true,"message":"Login sucessfull !","data":{"_id":"6082ba6ffdbe564840a1866a","role":"User","fullName":"Saurabh Tripathi","email":"tripathisaurabh.311@gmail.com","token":"eyJhbGciOiJIUzI1NiIsInR5cCI6IkpXVCJ9.eyJfaWQiOiI2MDgyYmE2ZmZkYmU1NjQ4NDBhMTg2NmEiLCJmdWxsTmFtZSI6IlNhdXJhYmggVHJpcGF0aGkiLCJlbWFpbCI6InRyaXBhdGhpc2F1cmFiaC4zMTFAZ21haWwuY29tIiwibW9iaWxlIjo4NjUxNTYyNjU0LCJyb2xlIjoiVXNlciIsImlhdCI6MTYxOTE5NDc0OCwiZXhwIjoxNjE5MjAxOTQ4fQ.aL9Uulqh_yqRnW73dT5jYPnd4AzKb0tNjONorWOE5Ls"},"code":200} {"timestamp":"23-04-2021 21:49:08"}
info: This is port 5000 {"timestamp":"24-04-2021 11:36:06"}
info: {"success":true,"message":"Token Generated","token":"eyJhbGciOiJIUzI1NiIsInR5cCI6IkpXVCJ9.eyJfaWQiOiI2MDgyYmE2ZmZkYmU1NjQ4NDBhMTg2NmEiLCJmdWxsTmFtZSI6IlNhdXJhYmggVHJpcGF0aGkiLCJlbWFpbCI6InRyaXBhdGhpc2F1cmFiaC4zMTFAZ21haWwuY29tIiwibW9iaWxlIjo4NjUxNTYyNjU0LCJyb2xlIjoiVXNlciIsImlhdCI6MTYxOTI0NzYwNSwiZXhwIjoxNjE5MjU0ODA1fQ.jAdQZ6Y8pXjjG3m2B8VYy8Hn6WE1CJ2hvV2eo5h-ulQ"} {"timestamp":"24-04-2021 12:30:05"}
info: {"flag":true,"message":"Login sucessfull !","data":{"_id":"6082ba6ffdbe564840a1866a","role":"User","fullName":"Saurabh Tripathi","email":"tripathisaurabh.311@gmail.com","token":"eyJhbGciOiJIUzI1NiIsInR5cCI6IkpXVCJ9.eyJfaWQiOiI2MDgyYmE2ZmZkYmU1NjQ4NDBhMTg2NmEiLCJmdWxsTmFtZSI6IlNhdXJhYmggVHJpcGF0aGkiLCJlbWFpbCI6InRyaXBhdGhpc2F1cmFiaC4zMTFAZ21haWwuY29tIiwibW9iaWxlIjo4NjUxNTYyNjU0LCJyb2xlIjoiVXNlciIsImlhdCI6MTYxOTI0NzYwNSwiZXhwIjoxNjE5MjU0ODA1fQ.jAdQZ6Y8pXjjG3m2B8VYy8Hn6WE1CJ2hvV2eo5h-ulQ"},"code":200} {"timestamp":"24-04-2021 12:30:05"}
info: {"success":true,"message":"Token Generated","token":"eyJhbGciOiJIUzI1NiIsInR5cCI6IkpXVCJ9.eyJfaWQiOiI2MDgyYmE2ZmZkYmU1NjQ4NDBhMTg2NmEiLCJmdWxsTmFtZSI6IlNhdXJhYmggVHJpcGF0aGkiLCJlbWFpbCI6InRyaXBhdGhpc2F1cmFiaC4zMTFAZ21haWwuY29tIiwibW9iaWxlIjo4NjUxNTYyNjU0LCJyb2xlIjoiVXNlciIsImlhdCI6MTYxOTI0NzYxNSwiZXhwIjoxNjE5MjU0ODE1fQ.ZCbfpLIa-rsJYw-IRVOKeme-Du3V_0HxUryt5p05FtQ"} {"timestamp":"24-04-2021 12:30:15"}
info: {"flag":true,"message":"Login sucessfull !","data":{"_id":"6082ba6ffdbe564840a1866a","role":"User","fullName":"Saurabh Tripathi","email":"tripathisaurabh.311@gmail.com","token":"eyJhbGciOiJIUzI1NiIsInR5cCI6IkpXVCJ9.eyJfaWQiOiI2MDgyYmE2ZmZkYmU1NjQ4NDBhMTg2NmEiLCJmdWxsTmFtZSI6IlNhdXJhYmggVHJpcGF0aGkiLCJlbWFpbCI6InRyaXBhdGhpc2F1cmFiaC4zMTFAZ21haWwuY29tIiwibW9iaWxlIjo4NjUxNTYyNjU0LCJyb2xlIjoiVXNlciIsImlhdCI6MTYxOTI0NzYxNSwiZXhwIjoxNjE5MjU0ODE1fQ.ZCbfpLIa-rsJYw-IRVOKeme-Du3V_0HxUryt5p05FtQ"},"code":200} {"timestamp":"24-04-2021 12:30:15"}
info: {"success":true,"message":"Token Generated","token":"eyJhbGciOiJIUzI1NiIsInR5cCI6IkpXVCJ9.eyJfaWQiOiI2MDgyYmE2ZmZkYmU1NjQ4NDBhMTg2NmEiLCJmdWxsTmFtZSI6IlNhdXJhYmggVHJpcGF0aGkiLCJlbWFpbCI6InRyaXBhdGhpc2F1cmFiaC4zMTFAZ21haWwuY29tIiwibW9iaWxlIjo4NjUxNTYyNjU0LCJyb2xlIjoiVXNlciIsImlhdCI6MTYxOTI1MzE4MywiZXhwIjoxNjE5MjYwMzgzfQ.aTyajgvKDJ9TMIMKNPkWIW3bBFYXbvJaH_dbSYkUZ2w"} {"timestamp":"24-04-2021 14:03:03"}
info: {"flag":true,"message":"Login sucessfull !","data":{"_id":"6082ba6ffdbe564840a1866a","role":"User","fullName":"Saurabh Tripathi","email":"tripathisaurabh.311@gmail.com","token":"eyJhbGciOiJIUzI1NiIsInR5cCI6IkpXVCJ9.eyJfaWQiOiI2MDgyYmE2ZmZkYmU1NjQ4NDBhMTg2NmEiLCJmdWxsTmFtZSI6IlNhdXJhYmggVHJpcGF0aGkiLCJlbWFpbCI6InRyaXBhdGhpc2F1cmFiaC4zMTFAZ21haWwuY29tIiwibW9iaWxlIjo4NjUxNTYyNjU0LCJyb2xlIjoiVXNlciIsImlhdCI6MTYxOTI1MzE4MywiZXhwIjoxNjE5MjYwMzgzfQ.aTyajgvKDJ9TMIMKNPkWIW3bBFYXbvJaH_dbSYkUZ2w"},"code":200} {"timestamp":"24-04-2021 14:03:03"}
info: This is port 5000 {"timestamp":"25-04-2021 13:15:59"}
info: {"success":true,"message":"Token Generated","token":"eyJhbGciOiJIUzI1NiIsInR5cCI6IkpXVCJ9.eyJfaWQiOiI2MDgyYmE2ZmZkYmU1NjQ4NDBhMTg2NmEiLCJmdWxsTmFtZSI6IlNhdXJhYmggVHJpcGF0aGkiLCJlbWFpbCI6InRyaXBhdGhpc2F1cmFiaC4zMTFAZ21haWwuY29tIiwibW9iaWxlIjo4NjUxNTYyNjU0LCJyb2xlIjoiVXNlciIsImlhdCI6MTYxOTM1NjAyOSwiZXhwIjoxNjE5MzYzMjI5fQ.dG1jr9MNXlEeroiImaZRi1c0b1jnIxqArN016ZeOBvk"} {"timestamp":"25-04-2021 18:37:09"}
info: {"flag":true,"message":"Login sucessfull !","data":{"_id":"6082ba6ffdbe564840a1866a","role":"User","fullName":"Saurabh Tripathi","email":"tripathisaurabh.311@gmail.com","token":"eyJhbGciOiJIUzI1NiIsInR5cCI6IkpXVCJ9.eyJfaWQiOiI2MDgyYmE2ZmZkYmU1NjQ4NDBhMTg2NmEiLCJmdWxsTmFtZSI6IlNhdXJhYmggVHJpcGF0aGkiLCJlbWFpbCI6InRyaXBhdGhpc2F1cmFiaC4zMTFAZ21haWwuY29tIiwibW9iaWxlIjo4NjUxNTYyNjU0LCJyb2xlIjoiVXNlciIsImlhdCI6MTYxOTM1NjAyOSwiZXhwIjoxNjE5MzYzMjI5fQ.dG1jr9MNXlEeroiImaZRi1c0b1jnIxqArN016ZeOBvk"},"code":200} {"timestamp":"25-04-2021 18:37:10"}
info: {"success":true,"message":"Token Generated","token":"eyJhbGciOiJIUzI1NiIsInR5cCI6IkpXVCJ9.eyJfaWQiOiI2MDdjMmUyOGY0YWU2YjJlZTQzZGEzZDMiLCJlbWFpbCI6ImhhdGFrZWtha2FzaGkuMzExQGdtYWlsLmNvbSIsIm1vYmlsZSI6ODc2NTE0NTY5OCwicm9sZSI6IlVzZXIiLCJpYXQiOjE2MTkzNTcxOTYsImV4cCI6MTYxOTM2NDM5Nn0.90YadoWTvNTcO0HEuocFgbEyJWaIX5_DoLSsrUk4Kis"} {"timestamp":"25-04-2021 18:56:36"}
info: {"flag":true,"message":"Login sucessfull !","data":{"_id":"607c2e28f4ae6b2ee43da3d3","role":"User","email":"hatakekakashi.311@gmail.com","token":"eyJhbGciOiJIUzI1NiIsInR5cCI6IkpXVCJ9.eyJfaWQiOiI2MDdjMmUyOGY0YWU2YjJlZTQzZGEzZDMiLCJlbWFpbCI6ImhhdGFrZWtha2FzaGkuMzExQGdtYWlsLmNvbSIsIm1vYmlsZSI6ODc2NTE0NTY5OCwicm9sZSI6IlVzZXIiLCJpYXQiOjE2MTkzNTcxOTYsImV4cCI6MTYxOTM2NDM5Nn0.90YadoWTvNTcO0HEuocFgbEyJWaIX5_DoLSsrUk4Kis"},"code":200} {"timestamp":"25-04-2021 18:56:36"}
info: {"success":true,"message":"Token Generated","token":"eyJhbGciOiJIUzI1NiIsInR5cCI6IkpXVCJ9.eyJfaWQiOiI2MDg1NmVkOTI4NWQ4MTMzZWMwYzAwYTIiLCJmdWxsTmFtZSI6Iktha2FzaGkgSGF0YWtlIiwiZW1haWwiOiJoYXRha2VrYWthc2hpLjMxMUBnbWFpbC5jb20iLCJtb2JpbGUiOjg3NjUxNDU2OTgsInJvbGUiOiJVc2VyIiwiaWF0IjoxNjE5MzU3NDE1LCJleHAiOjE2MTkzNjQ2MTV9._8Yv45t5m3lEzCX4TXYSuKJg2NAh0yfVV8cSjtiqplQ"} {"timestamp":"25-04-2021 19:00:15"}
info: {"flag":true,"message":"Login sucessfull !","data":{"_id":"60856ed9285d8133ec0c00a2","role":"User","fullName":"Kakashi Hatake","email":"hatakekakashi.311@gmail.com","token":"eyJhbGciOiJIUzI1NiIsInR5cCI6IkpXVCJ9.eyJfaWQiOiI2MDg1NmVkOTI4NWQ4MTMzZWMwYzAwYTIiLCJmdWxsTmFtZSI6Iktha2FzaGkgSGF0YWtlIiwiZW1haWwiOiJoYXRha2VrYWthc2hpLjMxMUBnbWFpbC5jb20iLCJtb2JpbGUiOjg3NjUxNDU2OTgsInJvbGUiOiJVc2VyIiwiaWF0IjoxNjE5MzU3NDE1LCJleHAiOjE2MTkzNjQ2MTV9._8Yv45t5m3lEzCX4TXYSuKJg2NAh0yfVV8cSjtiqplQ"},"code":200} {"timestamp":"25-04-2021 19:00:15"}
info: {"success":true,"message":"Token Generated","token":"eyJhbGciOiJIUzI1NiIsInR5cCI6IkpXVCJ9.eyJfaWQiOiI2MDg1NmY1NjI4NWQ4MTMzZWMwYzAwYTMiLCJmdWxsTmFtZSI6Ikl0YWNoaSBVY2hpaGEiLCJlbWFpbCI6InVjaGloYWl0YWNoaS4zMTFAZ21haWwuY29tIiwibW9iaWxlIjo4NzY1MTQ1Njk4LCJyb2xlIjoiQWRtaW4iLCJpYXQiOjE2MTkzNTc1NDgsImV4cCI6MTYxOTM2NDc0OH0.GOSe5fKJbk9GhHsAOv4sI3ObhjMDhz_lwtoYikihKpE"} {"timestamp":"25-04-2021 19:02:28"}
info: {"flag":true,"message":"Login sucessfull !","data":{"_id":"60856f56285d8133ec0c00a3","role":"Admin","fullName":"Itachi Uchiha","email":"uchihaitachi.311@gmail.com","token":"eyJhbGciOiJIUzI1NiIsInR5cCI6IkpXVCJ9.eyJfaWQiOiI2MDg1NmY1NjI4NWQ4MTMzZWMwYzAwYTMiLCJmdWxsTmFtZSI6Ikl0YWNoaSBVY2hpaGEiLCJlbWFpbCI6InVjaGloYWl0YWNoaS4zMTFAZ21haWwuY29tIiwibW9iaWxlIjo4NzY1MTQ1Njk4LCJyb2xlIjoiQWRtaW4iLCJpYXQiOjE2MTkzNTc1NDgsImV4cCI6MTYxOTM2NDc0OH0.GOSe5fKJbk9GhHsAOv4sI3ObhjMDhz_lwtoYikihKpE"},"code":200} {"timestamp":"25-04-2021 19:02:28"}
info: {"success":true,"message":"Token Generated","token":"eyJhbGciOiJIUzI1NiIsInR5cCI6IkpXVCJ9.eyJfaWQiOiI2MDg1NmVkOTI4NWQ4MTMzZWMwYzAwYTIiLCJmdWxsTmFtZSI6Iktha2FzaGkgSGF0YWtlIiwiZW1haWwiOiJoYXRha2VrYWthc2hpLjMxMUBnbWFpbC5jb20iLCJtb2JpbGUiOjg3NjUxNDU2OTgsInJvbGUiOiJVc2VyIiwiaWF0IjoxNjE5MzYxMDMxLCJleHAiOjE2MTkzNjgyMzF9.gy9VqhTQyRKLHplfn6qUebTSEQrCXdB3Tn6Gu3inhw4"} {"timestamp":"25-04-2021 20:00:31"}
info: {"flag":true,"message":"Login sucessfull !","data":{"_id":"60856ed9285d8133ec0c00a2","role":"User","fullName":"Kakashi Hatake","email":"hatakekakashi.311@gmail.com","token":"eyJhbGciOiJIUzI1NiIsInR5cCI6IkpXVCJ9.eyJfaWQiOiI2MDg1NmVkOTI4NWQ4MTMzZWMwYzAwYTIiLCJmdWxsTmFtZSI6Iktha2FzaGkgSGF0YWtlIiwiZW1haWwiOiJoYXRha2VrYWthc2hpLjMxMUBnbWFpbC5jb20iLCJtb2JpbGUiOjg3NjUxNDU2OTgsInJvbGUiOiJVc2VyIiwiaWF0IjoxNjE5MzYxMDMxLCJleHAiOjE2MTkzNjgyMzF9.gy9VqhTQyRKLHplfn6qUebTSEQrCXdB3Tn6Gu3inhw4"},"code":200} {"timestamp":"25-04-2021 20:00:31"}
